<?xml version="1.0" encoding="UTF-8"?>
<testsuite name="com.vnpay.isp.be.service.CategoryServiceTest" tests="1" skipped="0" failures="0" errors="0" timestamp="2022-04-13T16:59:18" hostname="BEE" time="0.142">
  <properties/>
  <testcase name="getPhrases_ISP_notEmpty()" classname="com.vnpay.isp.be.service.CategoryServiceTest" time="0.142"/>
  <system-out><![CDATA[  _____    _____   _____      ____    ______
 |_   _|  / ____| |  __ \    |  _ \  |  ____|
   | |   | (___   | |__) |   | |_) | | |__
   | |    \___ \  |  ___/    |  _ <  |  __|
  _| |_   ____) | | |        | |_) | | |____
 |_____| |_____/  |_|        |____/  |______|
]]></system-out>
  <system-err><![CDATA[]]></system-err>
</testsuite>
