<?xml version="1.0" encoding="UTF-8"?>
<testsuite name="com.vnpay.isp.be.service.IspServiceTest" tests="2" skipped="0" failures="0" errors="0" timestamp="2022-04-13T16:59:18" hostname="BEE" time="0.009">
  <properties/>
  <testcase name="verifyCardScheme_cardNumberNotSupported_false()" classname="com.vnpay.isp.be.service.IspServiceTest" time="0.004"/>
  <testcase name="verifyCardScheme_cardSchemeSupported_true()" classname="com.vnpay.isp.be.service.IspServiceTest" time="0.003"/>
  <system-out><![CDATA[]]></system-out>
  <system-err><![CDATA[]]></system-err>
</testsuite>
