<?xml version="1.0" encoding="UTF-8"?>
<testsuite name="com.vnpay.isp.be.controller.CategoryControllerTest" tests="3" skipped="0" failures="0" errors="0" timestamp="2022-04-13T16:59:17" hostname="BEE" time="0.162">
  <properties/>
  <testcase name="getTranslations_langSupported_notEmpty()" classname="com.vnpay.isp.be.controller.CategoryControllerTest" time="0.144"/>
  <testcase name="getErrorText_labelAndLangSupported_notEmpty()" classname="com.vnpay.isp.be.controller.CategoryControllerTest" time="0.009"/>
  <testcase name="ping__pong()" classname="com.vnpay.isp.be.controller.CategoryControllerTest" time="0.007"/>
  <system-out><![CDATA[  _____    _____   _____      ____    ______
 |_   _|  / ____| |  __ \    |  _ \  |  ____|
   | |   | (___   | |__) |   | |_) | | |__
   | |    \___ \  |  ___/    |  _ <  |  __|
  _| |_   ____) | | |        | |_) | | |____
 |_____| |_____/  |_|        |____/  |______|

MockHttpServletRequest:
      HTTP Method = GET
      Request URI = /category/get-translations
       Parameters = {lang=[en]}
          Headers = []
             Body = null
    Session Attrs = {}

Handler:
             Type = com.vnpay.isp.be.controller.CategoryController
           Method = com.vnpay.isp.be.controller.CategoryController#getTranslations(String)

Async:
    Async started = false
     Async result = null

Resolved Exception:
             Type = null

ModelAndView:
        View name = null
             View = null
            Model = null

FlashMap:
       Attributes = null

MockHttpServletResponse:
           Status = 200
    Error message = null
          Headers = [Vary:"Origin", "Access-Control-Request-Method", "Access-Control-Request-Headers", Content-Type:"application/json", X-Content-Type-Options:"nosniff", X-XSS-Protection:"1; mode=block", Cache-Control:"no-cache, no-store, max-age=0, must-revalidate", Pragma:"no-cache", Expires:"0", X-Frame-Options:"DENY"]
     Content type = application/json
             Body = {"card_number":"Card number"}
    Forwarded URL = null
   Redirected URL = null
          Cookies = []

MockHttpServletRequest:
      HTTP Method = GET
      Request URI = /category/get-error-text
       Parameters = {label=[invalid_isp_conditions], lang=[en]}
          Headers = []
             Body = null
    Session Attrs = {}

Handler:
             Type = com.vnpay.isp.be.controller.CategoryController
           Method = com.vnpay.isp.be.controller.CategoryController#getErrorText(String, String)

Async:
    Async started = false
     Async result = null

Resolved Exception:
             Type = null

ModelAndView:
        View name = null
             View = null
            Model = null

FlashMap:
       Attributes = null

MockHttpServletResponse:
           Status = 200
    Error message = null
          Headers = [Vary:"Origin", "Access-Control-Request-Method", "Access-Control-Request-Headers", Content-Type:"text/plain;charset=UTF-8", Content-Length:"38", X-Content-Type-Options:"nosniff", X-XSS-Protection:"1; mode=block", Cache-Control:"no-cache, no-store, max-age=0, must-revalidate", Pragma:"no-cache", Expires:"0", X-Frame-Options:"DENY"]
     Content type = text/plain;charset=UTF-8
             Body = Invalid installment payment conditions
    Forwarded URL = null
   Redirected URL = null
          Cookies = []

MockHttpServletRequest:
      HTTP Method = GET
      Request URI = /category/ping
       Parameters = {}
          Headers = []
             Body = null
    Session Attrs = {}

Handler:
             Type = com.vnpay.isp.be.controller.CategoryController
           Method = com.vnpay.isp.be.controller.CategoryController#ping()

Async:
    Async started = false
     Async result = null

Resolved Exception:
             Type = null

ModelAndView:
        View name = null
             View = null
            Model = null

FlashMap:
       Attributes = null

MockHttpServletResponse:
           Status = 200
    Error message = null
          Headers = [Vary:"Origin", "Access-Control-Request-Method", "Access-Control-Request-Headers", Content-Type:"text/plain;charset=UTF-8", Content-Length:"4", X-Content-Type-Options:"nosniff", X-XSS-Protection:"1; mode=block", Cache-Control:"no-cache, no-store, max-age=0, must-revalidate", Pragma:"no-cache", Expires:"0", X-Frame-Options:"DENY"]
     Content type = text/plain;charset=UTF-8
             Body = pong
    Forwarded URL = null
   Redirected URL = null
          Cookies = []
]]></system-out>
  <system-err><![CDATA[]]></system-err>
</testsuite>
